<?xml version="1.0" encoding="utf-8"?><testsuites><testsuite name="pytest" errors="0" failures="0" skipped="0" tests="5" time="1.441" timestamp="2025-06-10T05:42:52.366394+00:00" hostname="fv-az1689-437"><testcase classname="test_init.TestBooksAPI" name="test_assert_true" time="0.002" /><testcase classname="test_init.TestBooksAPI" name="test_equal_strings" time="0.001" /><testcase classname="test_init.TestBooksAPI" name="test_mongodb_connection" time="0.007" /><testcase classname="test_init.TestBooksAPI" name="test_posgresql_connection" time="0.008" /><testcase classname="test_init.TestBooksAPI" name="test_redis_connection" time="0.001" /></testsuite></testsuites>